<?xml version="1.0" encoding="UTF-8"?>
<testng-results ignored="0" total="1" passed="1" failed="0" skipped="0">
  <reporter-output>
  </reporter-output>
  <suite started-at="2021-05-15T15:47:01 IST" name="Default suite" finished-at="2021-05-15T15:47:18 IST" duration-ms="17165">
    <groups>
      <group name="cucumber">
        <method signature="AbstractTestNGCucumberTests.runScenario(io.cucumber.testng.PickleWrapper, io.cucumber.testng.FeatureWrapper)[pri:0, instance:com.testvagrant.runner.TestRunner@73700b80]" name="runScenario" class="io.cucumber.testng.AbstractTestNGCucumberTests"/>
      </group> <!-- cucumber -->
    </groups>
    <test started-at="2021-05-15T15:47:01 IST" name="Default test" finished-at="2021-05-15T15:47:18 IST" duration-ms="17165">
      <class name="com.testvagrant.runner.TestRunner">
        <test-method is-config="true" signature="setUpClass()[pri:0, instance:com.testvagrant.runner.TestRunner@73700b80]" started-at="2021-05-15T15:47:01 IST" name="setUpClass" finished-at="2021-05-15T15:47:01 IST" duration-ms="478" status="PASS">
          <reporter-output>
          </reporter-output>
        </test-method> <!-- setUpClass -->
        <test-method is-config="true" signature="setupTest(java.lang.String)[pri:0, instance:com.testvagrant.runner.TestRunner@73700b80]" started-at="2021-05-15T15:47:01 IST" name="setupTest" finished-at="2021-05-15T15:47:03 IST" duration-ms="1583" status="PASS">
          <params>
            <param index="0">
              <value>
                <![CDATA[chrome]]>
              </value>
            </param>
          </params>
          <reporter-output>
          </reporter-output>
        </test-method> <!-- setupTest -->
        <test-method signature="runScenario(io.cucumber.testng.PickleWrapper, io.cucumber.testng.FeatureWrapper)[pri:0, instance:com.testvagrant.runner.TestRunner@73700b80]" started-at="2021-05-15T15:47:03 IST" name="runScenario" description="Runs Cucumber Scenarios" data-provider="scenarios" finished-at="2021-05-15T15:47:18 IST" duration-ms="15025" status="PASS">
          <params>
            <param index="0">
              <value>
                <![CDATA["Successfully Store whether info from UI."]]>
              </value>
            </param>
            <param index="1">
              <value>
                <![CDATA["Optional[Feature to test Whether Information]"]]>
              </value>
            </param>
          </params>
          <reporter-output>
          </reporter-output>
        </test-method> <!-- runScenario -->
        <test-method is-config="true" signature="tearDown()[pri:0, instance:com.testvagrant.runner.TestRunner@73700b80]" started-at="2021-05-15T15:47:18 IST" name="tearDown" finished-at="2021-05-15T15:47:18 IST" duration-ms="0" status="PASS">
          <reporter-output>
          </reporter-output>
        </test-method> <!-- tearDown -->
        <test-method is-config="true" signature="tearDownClass()[pri:0, instance:com.testvagrant.runner.TestRunner@73700b80]" started-at="2021-05-15T15:47:18 IST" name="tearDownClass" finished-at="2021-05-15T15:47:18 IST" duration-ms="53" status="PASS">
          <reporter-output>
          </reporter-output>
        </test-method> <!-- tearDownClass -->
      </class> <!-- com.testvagrant.runner.TestRunner -->
    </test> <!-- Default test -->
  </suite> <!-- Default suite -->
</testng-results>
