<?xml version="1.0" encoding="UTF-8"?>
<!-- Generated by org.testng.reporters.JUnitXMLReporter -->
<testsuite ignored="0" hostname="Nagarros-MBP" failures="1" tests="1" name="TestOnChrome" time="2.601" errors="0" timestamp="2021-05-15T14:57:32 IST">
  <testcase classname="io.cucumber.testng.AbstractTestNGCucumberTests" name="runScenario" time="0.252">
    <failure type="java.lang.NullPointerException" message="null value in entry: url=null">
      <![CDATA[java.lang.NullPointerException: null value in entry: url=null
at com.google.common.collect.CollectPreconditions.checkEntryNotNull(CollectPreconditions.java:32)
at com.google.common.collect.SingletonImmutableBiMap.<init>(SingletonImmutableBiMap.java:42)
at com.google.common.collect.ImmutableBiMap.of(ImmutableBiMap.java:72)
at com.google.common.collect.ImmutableMap.of(ImmutableMap.java:124)
at org.openqa.selenium.remote.RemoteWebDriver.get(RemoteWebDriver.java:277)
at com.testvagrant.stepdefination.whethersection.Application_Launch(whethersection.java:27)
at ✽.Launch Application(file:///Users/varsha/Downloads/test-graphql-java-master/src/test/resources/features/Whetherdetail.feature:6)
]]>
    </failure>
  </testcase> <!-- runScenario -->
</testsuite> <!-- TestOnChrome -->
